# JRE version: OpenJDK Runtime Environment Temurin-17.0.5+8 (17.0.5+8) (build 17.0.5+8)
# Java VM: OpenJDK 64-Bit Server VM Temurin-17.0.5+8 (17.0.5+8, mixed mode, tiered, compressed oops, compressed class ptrs, g1 gc, windows-amd64)
GC Precious Log:
 CPUs: 4 total, 4 available
 Memory: 3974M
 Large Page Support: Disabled
 NUMA Support: Disabled
 Compressed Oops: Enabled (32-bit)
 Heap Region Size: 1M
 Heap Min Capacity: 8M
 Heap Initial Capacity: 64M
 Heap Max Capacity: 994M
 Pre-touch: Disabled
 Parallel Workers: 4
 Concurrent Workers: 1
 Concurrent Refinement Workers: 4
 Periodic GC: Disabled
Heap:
 garbage-first heap   total 415744K, used 260608K [0x00000000c1e00000, 0x0000000100000000)
  region size 1024K, 19 young (19456K), 8 survivors (8192K)
 Metaspace       used 12311K, committed 12480K, reserved 1064960K
  class space    used 1106K, committed 1152K, reserved 1048576K
GC Heap History (20 events):
Event: 2.986 GC heap before
{Heap before GC invocations=5 (full 0):
 garbage-first heap   total 78848K, used 47104K [0x00000000c1e00000, 0x0000000100000000)
  region size 1024K, 5 young (5120K), 1 survivors (1024K)
 Metaspace       used 12311K, committed 12480K, reserved 1064960K
  class space    used 1106K, committed 1152K, reserved 1048576K
}
Event: 3.001 GC heap after
{Heap after GC invocations=6 (full 0):
 garbage-first heap   total 138240K, used 47104K [0x00000000c1e00000, 0x0000000100000000)
  region size 1024K, 1 young (1024K), 1 survivors (1024K)
 Metaspace       used 12311K, committed 12480K, reserved 1064960K
  class space    used 1106K, committed 1152K, reserved 1048576K
}
Event: 3.742 GC heap before
{Heap before GC invocations=7 (full 0):
 garbage-first heap   total 138240K, used 71680K [0x00000000c1e00000, 0x0000000100000000)
  region size 1024K, 24 young (24576K), 1 survivors (1024K)
 Metaspace       used 12311K, committed 12480K, reserved 1064960K
  class space    used 1106K, committed 1152K, reserved 1048576K
}
Event: 3.765 GC heap after
{Heap after GC invocations=8 (full 0):
 garbage-first heap   total 138240K, used 71991K [0x00000000c1e00000, 0x0000000100000000)
  region size 1024K, 3 young (3072K), 3 survivors (3072K)
 Metaspace       used 12311K, committed 12480K, reserved 1064960K
  class space    used 1106K, committed 1152K, reserved 1048576K
}
Event: 3.876 GC heap before
{Heap before GC invocations=8 (full 0):
 garbage-first heap   total 138240K, used 78135K [0x00000000c1e00000, 0x0000000100000000)
  region size 1024K, 10 young (10240K), 3 survivors (3072K)
 Metaspace       used 12311K, committed 12480K, reserved 1064960K
  class space    used 1106K, committed 1152K, reserved 1048576K
}
Event: 3.886 GC heap after
{Heap after GC invocations=9 (full 0):
 garbage-first heap   total 138240K, used 79872K [0x00000000c1e00000, 0x0000000100000000)
  region size 1024K, 3 young (3072K), 3 survivors (3072K)
 Metaspace       used 12311K, committed 12480K, reserved 1064960K
  class space    used 1106K, committed 1152K, reserved 1048576K
}
Event: 4.115 GC heap before
{Heap before GC invocations=10 (full 0):
 garbage-first heap   total 147456K, used 93184K [0x00000000c1e00000, 0x0000000100000000)
  region size 1024K, 15 young (15360K), 3 survivors (3072K)
 Metaspace       used 12311K, committed 12480K, reserved 1064960K
  class space    used 1106K, committed 1152K, reserved 1048576K
}
Event: 4.133 GC heap after
{Heap after GC invocations=11 (full 0):
 garbage-first heap   total 147456K, used 93696K [0x00000000c1e00000, 0x0000000100000000)
  region size 1024K, 2 young (2048K), 2 survivors (2048K)
 Metaspace       used 12311K, committed 12480K, reserved 1064960K
  class space    used 1106K, committed 1152K, reserved 1048576K
}
Event: 4.305 GC heap before
{Heap before GC invocations=11 (full 0):
 garbage-first heap   total 147456K, used 103936K [0x00000000c1e00000, 0x0000000100000000)
  region size 1024K, 12 young (12288K), 2 survivors (2048K)
 Metaspace       used 12311K, committed 12480K, reserved 1064960K
  class space    used 1106K, committed 1152K, reserved 1048576K
}
Event: 4.318 GC heap after
{Heap after GC invocations=12 (full 0):
 garbage-first heap   total 147456K, used 104960K [0x00000000c1e00000, 0x0000000100000000)
  region size 1024K, 2 young (2048K), 2 survivors (2048K)
 Metaspace       used 12311K, committed 12480K, reserved 1064960K
  class space    used 1106K, committed 1152K, reserved 1048576K
}
Event: 4.466 GC heap before
{Heap before GC invocations=12 (full 0):
 garbage-first heap   total 147456K, used 112128K [0x00000000c1e00000, 0x0000000100000000)
  region size 1024K, 9 young (9216K), 2 survivors (2048K)
 Metaspace       used 12311K, committed 12480K, reserved 1064960K
  class space    used 1106K, committed 1152K, reserved 1048576K
}
Event: 4.476 GC heap after
{Heap after GC invocations=13 (full 0):
 garbage-first heap   total 147456K, used 112640K [0x00000000c1e00000, 0x0000000100000000)
  region size 1024K, 2 young (2048K), 2 survivors (2048K)
 Metaspace       used 12311K, committed 12480K, reserved 1064960K
  class space    used 1106K, committed 1152K, reserved 1048576K
}
Event: 4.583 GC heap before
{Heap before GC invocations=13 (full 0):
 garbage-first heap   total 188416K, used 116736K [0x00000000c1e00000, 0x0000000100000000)
  region size 1024K, 7 young (7168K), 2 survivors (2048K)
 Metaspace       used 12311K, committed 12480K, reserved 1064960K
  class space    used 1106K, committed 1152K, reserved 1048576K
}
Event: 4.592 GC heap after
{Heap after GC invocations=14 (full 0):
 garbage-first heap   total 415744K, used 117137K [0x00000000c1e00000, 0x0000000100000000)
  region size 1024K, 1 young (1024K), 1 survivors (1024K)
 Metaspace       used 12311K, committed 12480K, reserved 1064960K
  class space    used 1106K, committed 1152K, reserved 1048576K
}
Event: 6.509 GC heap before
{Heap before GC invocations=15 (full 0):
 garbage-first heap   total 415744K, used 179601K [0x00000000c1e00000, 0x0000000100000000)
  region size 1024K, 57 young (58368K), 1 survivors (1024K)
 Metaspace       used 12311K, committed 12480K, reserved 1064960K
  class space    used 1106K, committed 1152K, reserved 1048576K
}
Event: 6.560 GC heap after
{Heap after GC invocations=16 (full 0):
 garbage-first heap   total 415744K, used 180188K [0x00000000c1e00000, 0x0000000100000000)
  region size 1024K, 8 young (8192K), 8 survivors (8192K)
 Metaspace       used 12311K, committed 12480K, reserved 1064960K
  class space    used 1106K, committed 1152K, reserved 1048576K
}
Event: 7.314 GC heap before
{Heap before GC invocations=16 (full 0):
 garbage-first heap   total 415744K, used 192476K [0x00000000c1e00000, 0x0000000100000000)
  region size 1024K, 20 young (20480K), 8 survivors (8192K)
 Metaspace       used 12311K, committed 12480K, reserved 1064960K
  class space    used 1106K, committed 1152K, reserved 1048576K
}
Event: 7.357 GC heap after
{Heap after GC invocations=17 (full 0):
 garbage-first heap   total 415744K, used 193024K [0x00000000c1e00000, 0x0000000100000000)
  region size 1024K, 3 young (3072K), 3 survivors (3072K)
 Metaspace       used 12311K, committed 12480K, reserved 1064960K
  class space    used 1106K, committed 1152K, reserved 1048576K
}
Event: 10.268 GC heap before
{Heap before GC invocations=17 (full 0):
 garbage-first heap   total 415744K, used 248320K [0x00000000c1e00000, 0x0000000100000000)
  region size 1024K, 57 young (58368K), 3 survivors (3072K)
 Metaspace       used 12311K, committed 12480K, reserved 1064960K
  class space    used 1106K, committed 1152K, reserved 1048576K
}
Event: 10.369 GC heap after
{Heap after GC invocations=18 (full 0):
 garbage-first heap   total 415744K, used 249344K [0x00000000c1e00000, 0x0000000100000000)
  region size 1024K, 8 young (8192K), 8 survivors (8192K)
 Metaspace       used 12311K, committed 12480K, reserved 1064960K
  class space    used 1106K, committed 1152K, reserved 1048576K
}

