# JRE version: OpenJDK Runtime Environment Temurin-17.0.5+8 (17.0.5+8) (build 17.0.5+8)
# Java VM: OpenJDK 64-Bit Server VM Temurin-17.0.5+8 (17.0.5+8, mixed mode, tiered, compressed oops, compressed class ptrs, g1 gc, windows-amd64)
GC Precious Log:
 CPUs: 4 total, 4 available
 Memory: 3974M
 Large Page Support: Disabled
 NUMA Support: Disabled
 Compressed Oops: Enabled (32-bit)
 Heap Region Size: 1M
 Heap Min Capacity: 8M
 Heap Initial Capacity: 64M
 Heap Max Capacity: 994M
 Pre-touch: Disabled
 Parallel Workers: 4
 Concurrent Workers: 1
 Concurrent Refinement Workers: 4
 Periodic GC: Disabled
Heap:
 garbage-first heap   total 562176K, used 438784K [0x00000000c1e00000, 0x0000000100000000)
  region size 1024K, 5 young (5120K), 5 survivors (5120K)
 Metaspace       used 12341K, committed 12480K, reserved 1064960K
  class space    used 1108K, committed 1152K, reserved 1048576K
GC Heap History (20 events):
Event: 14.496 GC heap after
{Heap after GC invocations=30 (full 0):
 garbage-first heap   total 370688K, used 278016K [0x00000000c1e00000, 0x0000000100000000)
  region size 1024K, 4 young (4096K), 4 survivors (4096K)
 Metaspace       used 12308K, committed 12416K, reserved 1064960K
  class space    used 1106K, committed 1152K, reserved 1048576K
}
Event: 14.874 GC heap before
{Heap before GC invocations=30 (full 0):
 garbage-first heap   total 370688K, used 293376K [0x00000000c1e00000, 0x0000000100000000)
  region size 1024K, 19 young (19456K), 4 survivors (4096K)
 Metaspace       used 12308K, committed 12416K, reserved 1064960K
  class space    used 1106K, committed 1152K, reserved 1048576K
}
Event: 14.887 GC heap after
{Heap after GC invocations=31 (full 0):
 garbage-first heap   total 370688K, used 294400K [0x00000000c1e00000, 0x0000000100000000)
  region size 1024K, 3 young (3072K), 3 survivors (3072K)
 Metaspace       used 12308K, committed 12416K, reserved 1064960K
  class space    used 1106K, committed 1152K, reserved 1048576K
}
Event: 15.143 GC heap before
{Heap before GC invocations=31 (full 0):
 garbage-first heap   total 370688K, used 309760K [0x00000000c1e00000, 0x0000000100000000)
  region size 1024K, 18 young (18432K), 3 survivors (3072K)
 Metaspace       used 12308K, committed 12416K, reserved 1064960K
  class space    used 1106K, committed 1152K, reserved 1048576K
}
Event: 15.158 GC heap after
{Heap after GC invocations=32 (full 0):
 garbage-first heap   total 370688K, used 310784K [0x00000000c1e00000, 0x0000000100000000)
  region size 1024K, 3 young (3072K), 3 survivors (3072K)
 Metaspace       used 12308K, committed 12416K, reserved 1064960K
  class space    used 1106K, committed 1152K, reserved 1048576K
}
Event: 15.391 GC heap before
{Heap before GC invocations=32 (full 0):
 garbage-first heap   total 370688K, used 326144K [0x00000000c1e00000, 0x0000000100000000)
  region size 1024K, 18 young (18432K), 3 survivors (3072K)
 Metaspace       used 12308K, committed 12416K, reserved 1064960K
  class space    used 1106K, committed 1152K, reserved 1048576K
}
Event: 15.407 GC heap after
{Heap after GC invocations=33 (full 0):
 garbage-first heap   total 370688K, used 326656K [0x00000000c1e00000, 0x0000000100000000)
  region size 1024K, 3 young (3072K), 3 survivors (3072K)
 Metaspace       used 12308K, committed 12416K, reserved 1064960K
  class space    used 1106K, committed 1152K, reserved 1048576K
}
Event: 15.941 GC heap before
{Heap before GC invocations=33 (full 0):
 garbage-first heap   total 562176K, used 338944K [0x00000000c1e00000, 0x0000000100000000)
  region size 1024K, 18 young (18432K), 3 survivors (3072K)
 Metaspace       used 12308K, committed 12416K, reserved 1064960K
  class space    used 1106K, committed 1152K, reserved 1048576K
}
Event: 15.957 GC heap after
{Heap after GC invocations=34 (full 0):
 garbage-first heap   total 562176K, used 339456K [0x00000000c1e00000, 0x0000000100000000)
  region size 1024K, 3 young (3072K), 3 survivors (3072K)
 Metaspace       used 12308K, committed 12416K, reserved 1064960K
  class space    used 1106K, committed 1152K, reserved 1048576K
}
Event: 16.939 GC heap before
{Heap before GC invocations=35 (full 0):
 garbage-first heap   total 562176K, used 389632K [0x00000000c1e00000, 0x0000000100000000)
  region size 1024K, 52 young (53248K), 3 survivors (3072K)
 Metaspace       used 12337K, committed 12480K, reserved 1064960K
  class space    used 1108K, committed 1152K, reserved 1048576K
}
Event: 16.978 GC heap after
{Heap after GC invocations=36 (full 0):
 garbage-first heap   total 562176K, used 370688K [0x00000000c1e00000, 0x0000000100000000)
  region size 1024K, 7 young (7168K), 7 survivors (7168K)
 Metaspace       used 12337K, committed 12480K, reserved 1064960K
  class space    used 1108K, committed 1152K, reserved 1048576K
}
Event: 17.193 GC heap before
{Heap before GC invocations=36 (full 0):
 garbage-first heap   total 562176K, used 391168K [0x00000000c1e00000, 0x0000000100000000)
  region size 1024K, 27 young (27648K), 7 survivors (7168K)
 Metaspace       used 12337K, committed 12480K, reserved 1064960K
  class space    used 1108K, committed 1152K, reserved 1048576K
}
Event: 17.222 GC heap after
{Heap after GC invocations=37 (full 0):
 garbage-first heap   total 562176K, used 378368K [0x00000000c1e00000, 0x0000000100000000)
  region size 1024K, 4 young (4096K), 4 survivors (4096K)
 Metaspace       used 12337K, committed 12480K, reserved 1064960K
  class space    used 1108K, committed 1152K, reserved 1048576K
}
Event: 17.453 GC heap before
{Heap before GC invocations=37 (full 0):
 garbage-first heap   total 562176K, used 420352K [0x00000000c1e00000, 0x0000000100000000)
  region size 1024K, 45 young (46080K), 4 survivors (4096K)
 Metaspace       used 12341K, committed 12480K, reserved 1064960K
  class space    used 1108K, committed 1152K, reserved 1048576K
}
Event: 17.483 GC heap after
{Heap after GC invocations=38 (full 0):
 garbage-first heap   total 562176K, used 397312K [0x00000000c1e00000, 0x0000000100000000)
  region size 1024K, 6 young (6144K), 6 survivors (6144K)
 Metaspace       used 12341K, committed 12480K, reserved 1064960K
  class space    used 1108K, committed 1152K, reserved 1048576K
}
Event: 17.590 GC heap before
{Heap before GC invocations=38 (full 0):
 garbage-first heap   total 562176K, used 436224K [0x00000000c1e00000, 0x0000000100000000)
  region size 1024K, 43 young (44032K), 6 survivors (6144K)
 Metaspace       used 12341K, committed 12480K, reserved 1064960K
  class space    used 1108K, committed 1152K, reserved 1048576K
}
Event: 17.612 GC heap after
{Heap after GC invocations=39 (full 0):
 garbage-first heap   total 562176K, used 415232K [0x00000000c1e00000, 0x0000000100000000)
  region size 1024K, 6 young (6144K), 6 survivors (6144K)
 Metaspace       used 12341K, committed 12480K, reserved 1064960K
  class space    used 1108K, committed 1152K, reserved 1048576K
}
Event: 17.680 GC heap before
{Heap before GC invocations=39 (full 0):
 garbage-first heap   total 562176K, used 450048K [0x00000000c1e00000, 0x0000000100000000)
  region size 1024K, 40 young (40960K), 6 survivors (6144K)
 Metaspace       used 12341K, committed 12480K, reserved 1064960K
  class space    used 1108K, committed 1152K, reserved 1048576K
}
Event: 17.702 GC heap after
{Heap after GC invocations=40 (full 0):
 garbage-first heap   total 562176K, used 431104K [0x00000000c1e00000, 0x0000000100000000)
  region size 1024K, 5 young (5120K), 5 survivors (5120K)
 Metaspace       used 12341K, committed 12480K, reserved 1064960K
  class space    used 1108K, committed 1152K, reserved 1048576K
}
Event: 17.739 GC heap before
{Heap before GC invocations=40 (full 0):
 garbage-first heap   total 562176K, used 446464K [0x00000000c1e00000, 0x0000000100000000)
  region size 1024K, 21 young (21504K), 5 survivors (5120K)
 Metaspace       used 12341K, committed 12480K, reserved 1064960K
  class space    used 1108K, committed 1152K, reserved 1048576K
}

